10    1.40705168    0
20    1.40705017    1.06806093e-06
30    1.40704707    2.62672154e-06
40    1.40704393    3.36313464e-06
50    1.40704076    3.90383122e-06
60    1.40703611    5.35291248e-06
70    1.40703433    4.87286524e-06
80    1.40703191    4.8287149e-06
90    1.40702835    5.44831231e-06
100    1.40702449    6.12303564e-06
110    1.40702251    5.87811362e-06
120    1.40702235    5.39046803e-06
130    1.40702269    4.98709472e-06
140    1.40702341    4.68150621e-06
150    1.40702436    4.46469559e-06
160    1.40702477    4.20510201e-06
170    1.40702533    3.99402957e-06
180    1.40702718    4.18140526e-06
190    1.40702865    4.21198048e-06
200    1.40702943    4.0725735e-06
210    1.40702949    3.87910497e-06
220    1.40702941    3.70369826e-06
230    1.40702917    3.55041452e-06
240    1.40702951    3.4191455e-06
250    1.40702944    3.2832909e-06
260    1.40702964    3.16355899e-06
270    1.40702937    3.05841468e-06
280    1.40702941    2.94948366e-06
290    1.40702927    2.85092785e-06
300    1.40702952    2.76683307e-06
310    1.40702958    2.67816423e-06
320    1.40702932    2.60668388e-06
330    1.40702931    2.52771443e-06
340    1.40702921    2.45531327e-06
350    1.40702903    2.39191123e-06
360    1.40702844    2.39832069e-06
370    1.40702741    2.54182963e-06
380    1.40702602    2.83247209e-06
390    1.40702486    2.98839473e-06
400    1.4070234    3.25118444e-06
410    1.40702225    3.36860146e-06
420    1.40702121    3.44454343e-06
430    1.40702078    3.39101879e-06
440    1.40702036    3.33976908e-06
450    1.40701982    3.30900035e-06
460    1.40701993    3.23870923e-06
470    1.40702011    3.17491544e-06
480    1.40702033    3.11661669e-06
490    1.40702061    3.06532629e-06
500    1.40702105    3.03590672e-06
510    1.40702114    2.97760731e-06
520    1.40702114    2.92034541e-06
530    1.40702122    2.86641032e-06
540    1.40702154    2.83121191e-06
550    1.40702171    2.78443368e-06
560    1.4070217    2.73472123e-06
570    1.40702133    2.71194957e-06
580    1.4070206    2.76173124e-06
590    1.40701959    2.89369186e-06
600    1.40701874    2.96723679e-06
610    1.40701812    2.98183063e-06
620    1.40701766    2.97001343e-06
630    1.40701734    2.93981612e-06
640    1.40701727    2.89461109e-06
650    1.40701761    2.86947892e-06
660    1.40701815    2.87635516e-06
670    1.4070191    2.98766022e-06
680    1.40702001    3.07839212e-06
690    1.40702069    3.10769512e-06
700    1.40702111    3.09160596e-06
710    1.40702131    3.05438994e-06
720    1.40702153    3.01987982e-06
730    1.40702225    3.06297908e-06
740    1.40702297    3.10527327e-06
750    1.40702355    3.11835842e-06
760    1.40702403    3.11377789e-06
770    1.40702426    3.08213864e-06
780    1.4070245    3.05193172e-06
790    1.40702481    3.02812947e-06
800    1.40702511    3.00520487e-06
810    1.4070251    2.96810543e-06
820    1.40702518    2.93293647e-06
830    1.40702513    2.89805627e-06
840    1.40702484    2.87847085e-06
850    1.40702438    2.88029349e-06
860    1.40702388    2.89068817e-06
870    1.40702337    2.90236041e-06
880    1.40702266    2.95474685e-06
890    1.40702214    2.96641664e-06
900    1.40702174    2.96057445e-06
910    1.40702144    2.94306276e-06
920    1.40702121    2.92001105e-06
930    1.40702091    2.90338041e-06
940    1.40702075    2.87711032e-06
950    1.40702079    2.84714403e-06
960    1.40702089    2.81915799e-06
970    1.40702103    2.79349771e-06
980    1.40702103    2.76499337e-06
990    1.40702092    2.73925859e-06
1000    1.40702088    2.71225368e-06
