10    -0.368861626    0
20    -0.370166331    0.000922565695
30    -0.37132396    0.00112768928
40    -0.374206215    0.00263550108
50    -0.379735922    0.00537656784
60    -0.380964373    0.00461868118
70    -0.381440052    0.0039832895
80    -0.383950314    0.00420257038
90    -0.384115037    0.00373884497
100    -0.384107052    0.003364969
110    -0.387608519    0.00452808692
120    -0.389195139    0.00441998589
130    -0.385413971    0.0054629419
140    -0.384661086    0.00512434926
150    -0.384400689    0.0047893375
160    -0.383627528    0.00455198342
170    -0.382683244    0.00438106827
180    -0.382505172    0.00414129294
190    -0.381664796    0.00400769024
200    -0.379685786    0.00426804791
210    -0.378501742    0.00422585613
220    -0.377100733    0.00425968569
230    -0.375508199    0.00436202947
240    -0.374571179    0.00427973688
250    -0.37443274    0.00411078589
260    -0.373143458    0.00414993798
270    -0.372077564    0.00413085425
280    -0.371566352    0.00401483155
290    -0.371880661    0.00388867281
300    -0.372816238    0.00386995956
310    -0.373917    0.00389852911
320    -0.374696738    0.0038538883
330    -0.375974067    0.00394310466
340    -0.378238233    0.00442974032
350    -0.380147103    0.00469648837
360    -0.381553563    0.00477198242
370    -0.382851486    0.00481628651
380    -0.384296691    0.00490157701
390    -0.386391851    0.00520445188
400    -0.38824567    0.00539440996
410    -0.389450895    0.00539579603
420    -0.391255776    0.00556100205
430    -0.392782649    0.00563739581
440    -0.393613568    0.00557017293
450    -0.394611124    0.00553499607
460    -0.395617552    0.00550540918
470    -0.396545694    0.00546594944
480    -0.398262557    0.00561524006
490    -0.399913741    0.00573827876
500    -0.401410218    0.00581537241
510    -0.402818729    0.00586944161
520    -0.403786384    0.00583578794
530    -0.405374523    0.00593784419
540    -0.406689726    0.00597176352
550    -0.408375989    0.0060966164
560    -0.409876886    0.00616973229
570    -0.410480272    0.00609092474
580    -0.411605397    0.0060889395
590    -0.412514464    0.00605321778
600    -0.413078958    0.00597859394
610    -0.413422874    0.00589046769
620    -0.413569405    0.0057972824
630    -0.413948435    0.00571763926
640    -0.414728936    0.00568132349
650    -0.415199138    0.00561334241
660    -0.415791233    0.00555943109
670    -0.416472411    0.00551802791
680    -0.416635781    0.00543929834
690    -0.417115727    0.00538160067
700    -0.417844117    0.00535378687
710    -0.418761808    0.00535645466
720    -0.419500052    0.00533269043
730    -0.419957555    0.00527922841
740    -0.420802223    0.00527502752
750    -0.421495098    0.00525000115
760    -0.421775333    0.00518839604
770    -0.422360832    0.00515394445
780    -0.42276745    0.00510388307
790    -0.423027995    0.00504592273
800    -0.423073929    0.00498305776
810    -0.423159737    0.00492227728
820    -0.423020348    0.00486422271
830    -0.423056972    0.00480575549
840    -0.422922473    0.00475042585
850    -0.422725581    0.00469861702
860    -0.422848559    0.00464559104
870    -0.422810366    0.00459235044
880    -0.422481483    0.00455192598
890    -0.422140692    0.00451351973
900    -0.42179389    0.0044766732
910    -0.421556563    0.00443376537
920    -0.421397905    0.00438841005
930    -0.420860083    0.00437405516
940    -0.420210194    0.0043755359
950    -0.419525776    0.00438267888
960    -0.418933808    0.00437682192
970    -0.418401839    0.00436390858
980    -0.417885265    0.004349846
990    -0.417537498    0.00431978768
1000    -0.417192436    0.00429034929
