10    1.1839422    0
20    1.184811    0.000614331815
30    1.18558069    0.000750121363
40    1.18750009    0.00175487748
50    1.19118446    0.00358197786
60    1.19200032    0.00307649281
70    1.19231626    0.00265316677
80    1.19398815    0.00279915707
90    1.19409559    0.0024902008
100    1.19408769    0.00224119326
110    1.19642068    0.00301649463
120    1.19747832    0.0029447024
130    1.19495778    0.00364046513
140    1.19445633    0.00341479277
150    1.19428336    0.00319151737
160    1.1937682    0.00303334046
170    1.19313905    0.00291942687
180    1.19302157    0.0027595991
190    1.1924623    0.00267042762
200    1.19114348    0.00284397935
210    1.19035416    0.00281595687
220    1.18942009    0.00283865062
230    1.18835825    0.00290705708
240    1.1877338    0.00285220872
250    1.18764145    0.00273961489
260    1.18678207    0.00276575147
270    1.18607129    0.00275313453
280    1.18573051    0.00267581583
290    1.18593996    0.00259173062
300    1.18656384    0.0025793379
310    1.18729772    0.00259843932
320    1.18781737    0.00256867471
330    1.18866892    0.00262819733
340    1.1901783    0.00295267535
350    1.19145076    0.00313051272
360    1.192388    0.00318076189
370    1.1932526    0.00321015411
380    1.19421514    0.00326679548
390    1.19561114    0.00346850611
400    1.19684604    0.00359491205
410    1.19764876    0.00359573521
420    1.19885132    0.00370576356
430    1.19986895    0.00375670965
440    1.20042262    0.00371190558
450    1.2010873    0.00368844928
460    1.20175832    0.00366879576
470    1.2023772    0.00364256143
480    1.20352193    0.00374222685
490    1.2046229    0.00382438203
500    1.20562085    0.00387591188
510    1.20655991    0.0039120194
520    1.20720502    0.00388961445
530    1.20826383    0.00395771551
540    1.20914085    0.00398041035
550    1.21026513    0.00406371784
560    1.21126572    0.00411249303
570    1.21166773    0.00405994527
580    1.21241733    0.00405855613
590    1.2130227    0.00403466286
600    1.21339846    0.00398487826
610    1.21362733    0.00392611922
620    1.21372471    0.00386400209
630    1.21397718    0.0038109082
640    1.21449747    0.00378671291
650    1.21481116    0.00374142637
660    1.21520625    0.00370553985
670    1.21566101    0.0036780319
680    1.21577053    0.00362557337
690    1.21609094    0.00358715954
700    1.21657682    0.00356866801
710    1.21718874    0.00357048371
720    1.21768105    0.00355467222
730    1.21798653    0.00351907979
740    1.21855013    0.00351636574
750    1.21901243    0.00349973922
760    1.21919958    0.00345868996
770    1.21959006    0.0034357444
780    1.2198613    0.0034023862
790    1.2200352    0.00336375904
800    1.22006602    0.00332185328
810    1.22012323    0.00328133524
820    1.22003035    0.00324263302
830    1.22005473    0.00320365682
840    1.21996487    0.0031667781
850    1.21983331    0.00313225363
860    1.21991496    0.00309689607
870    1.21988915    0.00306140706
880    1.21966943    0.00303449346
890    1.21944189    0.00300891677
900    1.21921042    0.00298437432
910    1.219052    0.00295578057
920    1.21894608    0.00292554989
930    1.21858733    0.00291600485
940    1.21815396    0.00291700874
950    1.21769771    0.00292176666
960    1.21730313    0.00291785369
970    1.21694858    0.00290923414
980    1.2166042    0.00289985954
990    1.21637228    0.00287982702
1000    1.21614221    0.00286020428
