10    1.77591331    0
20    1.7772165    0.000921497722
30    1.77837103    0.00112518204
40    1.78125014    0.00263231622
50    1.78677669    0.00537296678
60    1.78800048    0.00461473922
70    1.78847439    0.00397975015
80    1.79098223    0.0041987356
90    1.79114339    0.00373530121
100    1.79113154    0.00336178989
110    1.79463103    0.00452474194
120    1.79621748    0.0044170536
130    1.79243667    0.0054606977
140    1.79168449    0.00512218915
150    1.79142505    0.00478727605
160    1.7906523    0.00455001069
170    1.78970857    0.00437914031
180    1.78953236    0.00413939865
190    1.78869345    0.00400564143
200    1.78671522    0.00426596902
210    1.78553124    0.00422393531
220    1.78413014    0.00425797594
230    1.78253737    0.00436058563
240    1.78160069    0.00427831308
250    1.78146217    0.00410942234
260    1.7801731    0.00414862721
270    1.77910693    0.00412970179
280    1.77859576    0.00401372374
290    1.77890993    0.00388759593
300    1.77984576    0.00386900685
310    1.78094658    0.00389765897
320    1.78172606    0.00385301206
330    1.78300338    0.003942296
340    1.78526745    0.00442901302
350    1.78717613    0.00469576909
360    1.788582    0.00477114283
370    1.7898789    0.00481523117
380    1.79132271    0.00490019322
390    1.79341671    0.00520275916
400    1.79526907    0.00539236807
410    1.79647314    0.00539360282
420    1.79827699    0.00555864533
430    1.79980343    0.00563506447
440    1.80063393    0.00556785836
450    1.80163095    0.00553267392
460    1.80263748    0.00550319364
470    1.8035658    0.00546384214
480    1.80528289    0.00561334028
490    1.80693435    0.00573657305
500    1.80843127    0.00581386781
510    1.80983987    0.00586802911
520    1.81080752    0.00583442167
530    1.81239575    0.00593657326
540    1.81371127    0.00597061553
550    1.8153977    0.00609557676
560    1.81689859    0.00616873954
570    1.8175016    0.0060899179
580    1.81862599    0.00608783419
590    1.81953405    0.00605199429
600    1.8200977    0.00597731739
610    1.820441    0.00588917883
620    1.82058706    0.00579600314
630    1.82096577    0.0057163623
640    1.82174621    0.00568006937
650    1.82221675    0.00561213955
660    1.82280938    0.00555830977
670    1.82349151    0.00551704785
680    1.82365579    0.00543836005
690    1.82413642    0.00538073931
700    1.82486523    0.00535300201
710    1.82578312    0.00535572556
720    1.82652158    0.00533200833
730    1.8269798    0.00527861969
740    1.82782519    0.00527454861
750    1.82851865    0.00524960883
760    1.82879936    0.00518803494
770    1.8293851    0.0051536166
780    1.82979195    0.0051035793
790    1.8300528    0.00504563856
800    1.83009904    0.00498277991
810    1.83018484    0.00492200286
820    1.83004553    0.00486394954
830    1.8300821    0.00480548523
840    1.82994731    0.00475016715
850    1.82974996    0.00469838044
860    1.82987244    0.00464534411
870    1.82983373    0.00459211059
880    1.82950414    0.00455174018
890    1.82916283    0.00451337516
900    1.82881563    0.00447656148
910    1.828578    0.00443367085
920    1.82841911    0.00438832484
930    1.827881    0.00437400727
940    1.82723095    0.00437551312
950    1.82654657    0.00438264999
960    1.8259547    0.00437678054
970    1.82542287    0.00436385122
980    1.8249063    0.00434978932
990    1.82455842    0.00431974053
1000    1.82421331    0.00429030642
