10    -3.39271    0
20    -3.3929    0.000137902
30    -3.39328    0.0003212
40    -3.3933    0.000241408
50    -3.39263    0.000623585
60    -3.39215    0.000678733
70    -3.39203    0.000593282
80    -3.39192    0.000529418
90    -3.39159    0.000560791
100    -3.39144    0.0005243
110    -3.39115    0.000553651
120    -3.39099    0.000530645
130    -3.39098    0.000489836
140    -3.39088    0.000465099
150    -3.3908    0.000441468
160    -3.39067    0.000433275
170    -3.39061    0.000411185
180    -3.39064    0.000389354
190    -3.39077    0.000387999
200    -3.39086    0.000381109
210    -3.39089    0.000363825
220    -3.3909    0.000347421
230    -3.39093    0.000333496
240    -3.39095    0.00032024
250    -3.39091    0.000310276
260    -3.39089    0.000298657
270    -3.39099    0.000303906
280    -3.39109    0.000307409
290    -3.39121    0.000318928
300    -3.39132    0.000327156
310    -3.39127    0.000319417
320    -3.39111    0.00035122
330    -3.391    0.000356316
340    -3.39099    0.000345963
350    -3.39105    0.000340903
360    -3.39113    0.000341658
370    -3.39124    0.000349105
380    -3.39128    0.000342111
390    -3.39133    0.000337139
400    -3.39134    0.000328964
410    -3.39134    0.000320941
420    -3.3913    0.000315744
430    -3.3913    0.000308427
440    -3.39131    0.000301647
450    -3.39138    0.000302855
460    -3.39148    0.000311529
470    -3.39157    0.000318011
480    -3.39165    0.000320912
490    -3.39171    0.000320808
500    -3.39172    0.000314461
510    -3.39168    0.00031019
520    -3.39165    0.000306745
530    -3.39164    0.000300959
540    -3.39167    0.000296918
550    -3.39166    0.000291786
560    -3.39165    0.000286824
570    -3.39166    0.000282038
580    -3.39168    0.000277749
590    -3.39166    0.000274087
600    -3.3916    0.000274181
610    -3.39156    0.000273535
620    -3.39154    0.000269948
630    -3.39152    0.00026624
640    -3.39152    0.000262088
650    -3.39153    0.000258192
660    -3.39152    0.000254327
670    -3.39152    0.000250602
680    -3.39154    0.000247909
690    -3.39158    0.000247267
700    -3.3916    0.000245379
710    -3.39164    0.000244628
720    -3.39173    0.000255713
730    -3.39183    0.000274132
740    -3.39194    0.000289846
750    -3.39204    0.000304372
760    -3.39215    0.000319698
770    -3.39225    0.000328653
780    -3.39231    0.000330141
790    -3.39235    0.000328062
800    -3.39241    0.000330578
810    -3.39248    0.000333223
820    -3.39253    0.000333191
830    -3.39259    0.000333559
840    -3.39268    0.000342222
850    -3.39277    0.000349463
860    -3.39284    0.000352556
870    -3.39289    0.000352743
880    -3.39294    0.000351554
890    -3.39298    0.000350266
900    -3.39302    0.000348729
910    -3.39304    0.000345329
920    -3.39305    0.000341687
930    -3.39304    0.000338082
940    -3.39301    0.000335462
950    -3.393    0.000332312
960    -3.393    0.00032886
970    -3.393    0.000325471
980    -3.39301    0.000322411
990    -3.39303    0.000319662
1000    -3.39302    0.00031682
