10    1.13062    0
20    1.10081    0.0210772
30    1.07176    0.0275698
40    1.07041    0.0207108
50    1.08671    0.0220723
60    1.07971    0.019472
70    1.08083    0.0167224
80    1.08642    0.0155388
90    1.08983    0.0141816
100    1.09981    0.0158922
110    1.10646    0.0157755
120    1.10527    0.0145052
130    1.10125    0.013936
140    1.10018    0.0129816
150    1.09884    0.0121846
160    1.09467    0.0121176
170    1.09592    0.0114691
180    1.09348    0.0110886
190    1.0897    0.0111285
200    1.09182    0.0107715
210    1.08843    0.0107791
220    1.08736    0.0103424
230    1.08753    0.00989417
240    1.08854    0.00953297
250    1.08655    0.00935678
260    1.0856    0.00904468
270    1.0857    0.00871018
280    1.0865    0.00843637
290    1.08991    0.00880506
300    1.09301    0.0090409
310    1.09186    0.00882153
320    1.08903    0.00899025
330    1.08803    0.0087724
340    1.08643    0.00866039
350    1.08623    0.00841518
360    1.08678    0.00819961
370    1.08666    0.0079789
380    1.08722    0.0077884
390    1.0858    0.00771622
400    1.08503    0.00756221
410    1.08659    0.00753638
420    1.08649    0.0073576
430    1.0872    0.00722104
440    1.08694    0.00706162
450    1.08804    0.00698947
460    1.08816    0.00683857
470    1.08944    0.00681226
480    1.09025    0.00671786
490    1.08837    0.00683688
500    1.0895    0.00679259
510    1.08952    0.00665942
520    1.08922    0.00653798
530    1.0888    0.00642845
540    1.08846    0.00631809
550    1.08547    0.00687735
560    1.08498    0.00677156
570    1.08483    0.00665448
580    1.08603    0.00664811
590    1.08737    0.00666872
600    1.08726    0.00655844
610    1.08773    0.00646731
620    1.08733    0.0063754
630    1.08752    0.00627719
640    1.08788    0.00618917
650    1.08876    0.00615586
660    1.08889    0.00606409
670    1.08848    0.00598787
680    1.08776    0.00594263
690    1.0889    0.00596609
700    1.08767    0.0060079
710    1.08715    0.00594565
720    1.08797    0.00592022
730    1.0891    0.00594533
740    1.08906    0.00586512
750    1.08901    0.00578712
760    1.08797    0.0058048
770    1.08771    0.00573503
780    1.08828    0.00568939
790    1.08758    0.00565973
800    1.08747    0.00559003
810    1.08807    0.00555291
820    1.08911    0.00558221
830    1.08982    0.00555967
840    1.08957    0.00549934
850    1.08886    0.00547911
860    1.08949    0.00545134
870    1.08942    0.00538918
880    1.08898    0.00534547
890    1.08845    0.00531211
900    1.088    0.00527209
910    1.08809    0.00521487
920    1.08821    0.00515962
930    1.08797    0.00510967
940    1.08722    0.00510999
950    1.08694    0.005064
960    1.08739    0.00503113
970    1.08661    0.00503851
980    1.08701    0.00500234
990    1.08719    0.0049554
1000    1.08684    0.00491829
