10    1.69593    0
20    1.65122    0.0316158
30    1.60765    0.0413547
40    1.60561    0.0310661
50    1.63006    0.0331085
60    1.61956    0.029208
70    1.62124    0.0250836
80    1.62963    0.0233082
90    1.63475    0.0212723
100    1.64972    0.0238383
110    1.65968    0.0236633
120    1.65791    0.0217578
130    1.65188    0.020904
140    1.65027    0.0194724
150    1.64827    0.018277
160    1.642    0.0181764
170    1.64388    0.0172036
180    1.64022    0.0166329
190    1.63456    0.0166928
200    1.63773    0.0161572
210    1.63264    0.0161686
220    1.63104    0.0155135
230    1.6313    0.0148413
240    1.63281    0.0142995
250    1.62983    0.0140352
260    1.62841    0.013567
270    1.62855    0.0130653
280    1.62976    0.0126546
290    1.63486    0.0132076
300    1.63951    0.0135614
310    1.63779    0.0132323
320    1.63354    0.0134854
330    1.63205    0.0131586
340    1.62964    0.0129906
350    1.62934    0.0126228
360    1.63018    0.0122994
370    1.62999    0.0119683
380    1.63083    0.0116826
390    1.62871    0.0115743
400    1.62754    0.0113433
410    1.62988    0.0113046
420    1.62973    0.0110364
430    1.6308    0.0108316
440    1.63041    0.0105924
450    1.63206    0.0104842
460    1.63224    0.0102579
470    1.63416    0.0102184
480    1.63537    0.0100768
490    1.63256    0.0102553
500    1.63425    0.0101889
510    1.63428    0.00998913
520    1.63383    0.00980697
530    1.63319    0.00964267
540    1.63269    0.00947713
550    1.6282    0.010316
560    1.62747    0.0101573
570    1.62724    0.00998173
580    1.62905    0.00997217
590    1.63106    0.0100031
600    1.6309    0.00983766
610    1.63159    0.00970097
620    1.63099    0.0095631
630    1.63128    0.00941578
640    1.63182    0.00928376
650    1.63313    0.00923379
660    1.63334    0.00909613
670    1.63271    0.0089818
680    1.63164    0.00891394
690    1.63336    0.00894914
700    1.6315    0.00901185
710    1.63072    0.00891848
720    1.63196    0.00888032
730    1.63365    0.00891799
740    1.63359    0.00879767
750    1.63352    0.00868068
760    1.63195    0.0087072
770    1.63157    0.00860254
780    1.63242    0.00853408
790    1.63137    0.0084896
800    1.63121    0.00838505
810    1.63211    0.00832936
820    1.63367    0.00837332
830    1.63473    0.0083395
840    1.63435    0.008249
850    1.6333    0.00821867
860    1.63424    0.00817701
870    1.63413    0.00808376
880    1.63348    0.0080182
890    1.63267    0.00796816
900    1.632    0.00790814
910    1.63213    0.0078223
920    1.63231    0.00773943
930    1.63196    0.0076645
940    1.63083    0.00766498
950    1.63041    0.007596
960    1.63108    0.00754669
970    1.62992    0.00755777
980    1.63051    0.00750351
990    1.63079    0.0074331
1000    1.63026    0.00737743
