10    -5.08864    0
20    -5.04412    0.0314779
30    -5.00092    0.0410431
40    -4.9989    0.0308319
50    -5.0227    0.0325777
60    -5.01172    0.0289389
70    -5.01327    0.0248463
80    -5.02155    0.0230778
90    -5.02634    0.0210052
100    -5.04116    0.0235607
110    -5.05083    0.0233195
120    -5.0489    0.0214564
130    -5.04286    0.0206378
140    -5.04115    0.019234
150    -5.03907    0.0180645
160    -5.03267    0.0180324
170    -5.03449    0.0170633
180    -5.03086    0.0164975
190    -5.02532    0.0165321
200    -5.0286    0.0160264
210    -5.02354    0.0160424
220    -5.02194    0.0153927
230    -5.02223    0.0147262
240    -5.02376    0.0141919
250    -5.02073    0.0139431
260    -5.0193    0.0134803
270    -5.01954    0.0129832
280    -5.02084    0.0125849
290    -5.02607    0.0131904
300    -5.03083    0.013583
310    -5.02907    0.0132586
320    -5.02464    0.013562
330    -5.02305    0.0132444
340    -5.02063    0.0130742
350    -5.02039    0.0127028
360    -5.02131    0.0123828
370    -5.02123    0.0120484
380    -5.02211    0.0117631
390    -5.02004    0.0116425
400    -5.01889    0.0114082
410    -5.02122    0.0113664
420    -5.02103    0.0110974
430    -5.0221    0.0108904
440    -5.02172    0.0106495
450    -5.02344    0.0105502
460    -5.02372    0.0103245
470    -5.02573    0.0102996
480    -5.02702    0.0101652
490    -5.02427    0.0103217
500    -5.02597    0.0102541
510    -5.02596    0.0100531
520    -5.02548    0.00987143
530    -5.02484    0.00970585
540    -5.02437    0.00953753
550    -5.01986    0.0103749
560    -5.01912    0.0102159
570    -5.0189    0.010039
580    -5.02073    0.0100307
590    -5.02271    0.0100548
600    -5.0225    0.00988943
610    -5.02315    0.00974864
620    -5.02253    0.00961124
630    -5.0228    0.00946261
640    -5.02334    0.00932967
650    -5.02466    0.00927973
660    -5.02486    0.00914125
670    -5.02423    0.00902655
680    -5.02317    0.00895511
690    -5.02493    0.00899628
700    -5.02311    0.0090516
710    -5.02236    0.00895447
720    -5.02369    0.00892758
730    -5.02549    0.0089845
740    -5.02553    0.00886321
750    -5.02556    0.00874509
760    -5.0241    0.00875094
770    -5.02381    0.00864211
780    -5.02472    0.00857918
790    -5.02372    0.00852937
800    -5.02362    0.00842331
810    -5.02458    0.00837429
820    -5.0262    0.00842663
830    -5.02732    0.0083987
840    -5.02703    0.00830372
850    -5.02606    0.00826165
860    -5.02708    0.00822757
870    -5.02702    0.00813319
880    -5.02641    0.00806345
890    -5.02566    0.0080085
900    -5.02502    0.00794457
910    -5.02517    0.00785864
920    -5.02536    0.00777557
930    -5.025    0.00770053
940    -5.02385    0.00770401
950    -5.02341    0.00763544
960    -5.02408    0.00758579
970    -5.02292    0.00759618
980    -5.02352    0.00754244
990    -5.02382    0.0074723
1000    -5.02328    0.00741722
