10    0.747608    0
20    0.781998    0.0243177
30    0.76552    0.0210673
40    0.743891    0.0245061
50    0.743824    0.0196049
60    0.745951    0.0164524
70    0.7536    0.01578
80    0.75598    0.0139859
90    0.752906    0.0127653
100    0.747789    0.0124723
110    0.749693    0.0114828
120    0.749052    0.0105438
130    0.750715    0.00986294
140    0.75001    0.0091836
150    0.749108    0.00861556
160    0.750397    0.00817298
170    0.750914    0.00770857
180    0.749954    0.00733985
190    0.74907    0.00700654
200    0.750791    0.00686423
210    0.751084    0.00654363
220    0.751805    0.00628576
230    0.751681    0.00601369
240    0.754209    0.00627214
250    0.752418    0.00627171
260    0.750565    0.00629845
270    0.752574    0.00637753
280    0.751572    0.00622795
290    0.751313    0.00601858
300    0.751733    0.00583264
310    0.751558    0.00564715
320    0.751957    0.0054848
330    0.75127    0.00536145
340    0.751611    0.00521456
350    0.75403    0.00559858
360    0.753304    0.00548993
370    0.752474    0.00540388
380    0.75241    0.00526205
390    0.751876    0.0051541
400    0.752795    0.00510637
410    0.753145    0.00499383
420    0.754405    0.00503149
430    0.753405    0.005013
440    0.752007    0.00509024
450    0.750507    0.00519336
460    0.750262    0.00508624
470    0.751229    0.00506906
480    0.752646    0.00515789
490    0.752043    0.00508778
500    0.752396    0.00499828
510    0.752105    0.00490876
520    0.752006    0.00481535
530    0.751753    0.00473115
540    0.751667    0.00464432
550    0.75195    0.00456847
560    0.752151    0.00449131
570    0.752646    0.00443971
580    0.752397    0.00437014
590    0.751761    0.0043421
600    0.750632    0.00441401
610    0.751372    0.00440326
620    0.752492    0.00447245
630    0.752241    0.0044085
640    0.752578    0.00435244
650    0.752091    0.00431263
660    0.751406    0.00430135
670    0.75073    0.00428995
680    0.751025    0.00423703
690    0.752313    0.00436682
700    0.751892    0.00432466
710    0.75145    0.00428625
720    0.751864    0.00424662
730    0.751189    0.00424178
740    0.750664    0.00421674
750    0.750941    0.00416958
760    0.750668    0.00412362
770    0.751075    0.00409006
780    0.750631    0.00406167
790    0.751042    0.00403105
800    0.751061    0.00398071
810    0.751116    0.00393193
820    0.75086    0.00389229
830    0.751211    0.00386118
840    0.751411    0.00382041
850    0.75172    0.00378793
860    0.75127    0.00377056
870    0.750866    0.00374878
880    0.751021    0.00370938
890    0.751401    0.00368708
900    0.751148    0.00365477
910    0.75086    0.00362593
920    0.751241    0.00360656
930    0.751289    0.0035681
940    0.751312    0.00353021
950    0.750926    0.00351409
960    0.75136    0.00350419
970    0.75137    0.00346808
980    0.751343    0.00343279
990    0.751228    0.00340005
1000    0.751952    0.00344222
