10    -6.72168    0
20    -6.7728    0.0361454
30    -6.74718    0.0319098
40    -6.71394    0.0374333
50    -6.71342    0.0299503
60    -6.71662    0.0251289
70    -6.72833    0.024112
80    -6.73203    0.0213802
90    -6.72708    0.0195687
100    -6.71911    0.0191667
110    -6.72208    0.0176534
120    -6.72119    0.016205
130    -6.72373    0.0151564
140    -6.72244    0.0141282
150    -6.72097    0.0132631
160    -6.72319    0.0126186
170    -6.72409    0.0119083
180    -6.72254    0.0113469
190    -6.72122    0.0108266
200    -6.72404    0.0106468
210    -6.72461    0.0101554
220    -6.72574    0.00975646
230    -6.72557    0.00933392
240    -6.72943    0.00971172
250    -6.7266    0.00972639
260    -6.72376    0.00975784
270    -6.72686    0.00987654
280    -6.72538    0.00963465
290    -6.72498    0.00931071
300    -6.72564    0.00902413
310    -6.72541    0.00873613
320    -6.72597    0.00848148
330    -6.72489    0.0082932
340    -6.72549    0.00807063
350    -6.72921    0.00865441
360    -6.72816    0.00847648
370    -6.72693    0.00833609
380    -6.72685    0.00811713
390    -6.72602    0.00795115
400    -6.72738    0.00786816
410    -6.72797    0.00769834
420    -6.72987    0.00774443
430    -6.72837    0.00770716
440    -6.72625    0.00781869
450    -6.72393    0.0079819
460    -6.72356    0.0078169
470    -6.7251    0.00780042
480    -6.72727    0.00793445
490    -6.72637    0.00782332
500    -6.72692    0.00768604
510    -6.72649    0.00754715
520    -6.72631    0.00740428
530    -6.72593    0.00727421
540    -6.72587    0.00713978
550    -6.72629    0.00702233
560    -6.72663    0.00690505
570    -6.72737    0.0068243
580    -6.72693    0.00672076
590    -6.72596    0.00667737
600    -6.7242    0.00679422
610    -6.72532    0.00677477
620    -6.72703    0.00687917
630    -6.72668    0.00677897
640    -6.72716    0.00669013
650    -6.72638    0.00663315
660    -6.7253    0.00662028
670    -6.72427    0.00660032
680    -6.72469    0.00651685
690    -6.72668    0.00671705
700    -6.72608    0.00664752
710    -6.7254    0.00658828
720    -6.72601    0.00652477
730    -6.725    0.00651401
740    -6.72419    0.00647569
750    -6.72458    0.00640121
760    -6.72417    0.00632992
770    -6.7248    0.00627896
780    -6.72411    0.00623681
790    -6.72472    0.00618812
800    -6.72474    0.00611079
810    -6.72482    0.00603593
820    -6.72443    0.00597521
830    -6.72499    0.00592957
840    -6.72536    0.0058706
850    -6.72587    0.0058233
860    -6.7252    0.00579396
870    -6.7246    0.00575826
880    -6.72484    0.0056981
890    -6.72543    0.00566437
900    -6.72506    0.0056137
910    -6.72464    0.00556764
920    -6.72523    0.00553854
930    -6.72533    0.0054798
940    -6.72535    0.00542155
950    -6.72478    0.0053946
960    -6.72542    0.00537678
970    -6.72545    0.00532142
980    -6.72541    0.00526728
990    -6.72523    0.00521708
1000    -6.72637    0.00528681
