10    1.12141    0
20    1.173    0.0364765
30    1.14828    0.031601
40    1.11584    0.0367591
50    1.11574    0.0294074
60    1.11893    0.0246786
70    1.1304    0.02367
80    1.13397    0.0209789
90    1.12936    0.0191479
100    1.12168    0.0187085
110    1.12454    0.0172243
120    1.12358    0.0158157
130    1.12607    0.0147944
140    1.12501    0.0137754
150    1.12366    0.0129233
160    1.1256    0.0122595
170    1.12637    0.0115629
180    1.12493    0.0110098
190    1.12361    0.0105098
200    1.12619    0.0102963
210    1.12663    0.00981544
220    1.12771    0.00942864
230    1.12752    0.00902054
240    1.13131    0.00940821
250    1.12863    0.00940757
260    1.12585    0.00944767
270    1.12886    0.00956629
280    1.12736    0.00934193
290    1.12697    0.00902787
300    1.1276    0.00874897
310    1.12734    0.00847072
320    1.12794    0.00822721
330    1.12691    0.00804218
340    1.12742    0.00782184
350    1.13104    0.00839787
360    1.12996    0.0082349
370    1.12871    0.00810582
380    1.12861    0.00789308
390    1.12781    0.00773114
400    1.12919    0.00765956
410    1.12972    0.00749074
420    1.13161    0.00754724
430    1.13011    0.0075195
440    1.12801    0.00763535
450    1.12576    0.00779003
460    1.12539    0.00762936
470    1.12684    0.00760359
480    1.12897    0.00773684
490    1.12806    0.00763167
500    1.12859    0.00749741
510    1.12816    0.00736313
520    1.12801    0.00722302
530    1.12763    0.00709672
540    1.1275    0.00696648
550    1.12792    0.00685271
560    1.12823    0.00673697
570    1.12897    0.00665956
580    1.1286    0.00655522
590    1.12764    0.00651315
600    1.12595    0.00662101
610    1.12706    0.0066049
620    1.12874    0.00670868
630    1.12836    0.00661275
640    1.12887    0.00652866
650    1.12814    0.00646895
660    1.12711    0.00645202
670    1.12609    0.00643493
680    1.12654    0.00635555
690    1.12847    0.00655024
700    1.12784    0.00648699
710    1.12718    0.00642937
720    1.1278    0.00636993
730    1.12678    0.00636267
740    1.126    0.00632512
750    1.12641    0.00625437
760    1.126    0.00618543
770    1.12661    0.0061351
780    1.12595    0.0060925
790    1.12656    0.00604657
800    1.12659    0.00597106
810    1.12667    0.0058979
820    1.12629    0.00583843
830    1.12682    0.00579178
840    1.12712    0.00573062
850    1.12758    0.0056819
860    1.1269    0.00565584
870    1.1263    0.00562317
880    1.12653    0.00556407
890    1.1271    0.00553061
900    1.12672    0.00548215
910    1.12629    0.0054389
920    1.12686    0.00540985
930    1.12693    0.00535215
940    1.12697    0.00529532
950    1.12639    0.00527113
960    1.12704    0.00525628
970    1.12705    0.00520212
980    1.12701    0.00514919
990    1.12684    0.00510008
1000    1.12793    0.00516333
