10    -5.60027    0
20    -5.5998    0.000331153
30    -5.5989    0.000769627
40    -5.59811    0.000896101
50    -5.59769    0.000810562
60    -5.59769    0.000675516
70    -5.59793    0.000618108
80    -5.59806    0.000554505
90    -5.59772    0.000586313
100    -5.59743    0.000597418
110    -5.59754    0.000554572
120    -5.59761    0.000512187
130    -5.59766    0.000475011
140    -5.59743    0.0004926
150    -5.59731    0.000474519
160    -5.59759    0.000524063
170    -5.59772    0.000507486
180    -5.59761    0.000490707
190    -5.59761    0.000464884
200    -5.59785    0.000500448
210    -5.59799    0.000494519
220    -5.59804    0.000474485
230    -5.59804    0.000453904
240    -5.59812    0.000440502
250    -5.59797    0.000445195
260    -5.59791    0.00043192
270    -5.598    0.000424466
280    -5.59802    0.000409725
290    -5.59801    0.000395752
300    -5.59804    0.000384084
310    -5.59807    0.000372663
320    -5.59804    0.000362477
330    -5.59799    0.000355143
340    -5.59807    0.000354672
350    -5.59816    0.000355813
360    -5.59821    0.00034905
370    -5.59822    0.000339933
380    -5.59824    0.000331246
390    -5.59821    0.000323943
400    -5.59819    0.000316203
410    -5.59826    0.000314983
420    -5.59826    0.000307497
430    -5.59827    0.000300418
440    -5.59824    0.000294653
450    -5.59817    0.00029654
460    -5.59817    0.000290095
470    -5.59826    0.000296954
480    -5.5983    0.000294177
490    -5.59831    0.000288225
500    -5.59833    0.000283045
510    -5.59834    0.000277697
520    -5.5983    0.00027481
530    -5.5983    0.000269634
540    -5.59837    0.000272234
550    -5.59836    0.000267311
560    -5.5984    0.000264986
570    -5.5984    0.000260394
580    -5.59834    0.00026404
590    -5.59832    0.000260503
600    -5.59825    0.000264759
610    -5.59826    0.000260657
620    -5.5983    0.000258773
630    -5.59832    0.000255818
640    -5.5983    0.000252887
650    -5.59824    0.000254922
660    -5.59819    0.000256786
670    -5.59818    0.000253177
680    -5.59816    0.000250206
690    -5.59821    0.000251721
700    -5.59824    0.000250506
710    -5.59823    0.000247401
720    -5.59822    0.000244272
730    -5.59821    0.000240947
740    -5.59819    0.000238496
750    -5.59817    0.000236389
760    -5.59817    0.000233285
770    -5.59819    0.000231101
780    -5.59816    0.000229928
790    -5.59816    0.000227028
800    -5.59815    0.000224667
810    -5.59815    0.000221917
820    -5.59814    0.000219484
830    -5.59817    0.000219664
840    -5.59824    0.000228244
850    -5.59829    0.000229508
860    -5.59829    0.000226914
870    -5.5983    0.000224399
880    -5.59831    0.00022229
890    -5.59833    0.000220593
900    -5.59834    0.000218229
910    -5.59835    0.000216208
920    -5.59837    0.000214749
930    -5.59839    0.000213709
940    -5.59838    0.00021166
950    -5.59839    0.00020954
960    -5.59838    0.000207457
970    -5.5984    0.000205627
980    -5.59839    0.000203537
990    -5.59839    0.000201544
1000    -5.59844    0.000205352
