10    -3.49999513    0
20    -3.49880219    0.000843534547
30    -3.49823817    0.000726857315
40    -3.4978399    0.000645096609
50    -3.49800534    0.000536873541
60    -3.4984277    0.000590608326
70    -3.49884231    0.000635310688
80    -3.49907028    0.000595393535
90    -3.49929607    0.000570449391
100    -3.4995691    0.000575040054
110    -3.49966199    0.000530214405
120    -3.49998733    0.00057727968
130    -3.50032983    0.000626286292
140    -3.50043894    0.000590979062
150    -3.50052823    0.000558285766
160    -3.50065933    0.000538564528
170    -3.50077941    0.000520098319
180    -3.50079697    0.000491500439
190    -3.5007334    0.000469725001
200    -3.50068073    0.00044918135
210    -3.50073361    0.000430892735
220    -3.50072595    0.000411374814
230    -3.50070333    0.000394110117
240    -3.50058873    0.000393999714
250    -3.50050146    0.000387785103
260    -3.50040881    0.000383778377
270    -3.50031286    0.000381368858
280    -3.50018544    0.000388453921
290    -3.5000965    0.000385105314
300    -3.49994654    0.000400404074
310    -3.49981162    0.000409588266
320    -3.49966019    0.000423858117
330    -3.49952066    0.00043337274
340    -3.49945368    0.000425770584
350    -3.49941988    0.000414944711
360    -3.4993771    0.000405618194
370    -3.49937417    0.000394666103
380    -3.49939653    0.000384912835
390    -3.49941687    0.000375580367
400    -3.49950043    0.000375371681
410    -3.49959834    0.000378769522
420    -3.49968366    0.000379239767
430    -3.49970879    0.000371251745
440    -3.49972511    0.000363172743
450    -3.49973    0.000355135147
460    -3.49972282    0.000347487374
470    -3.49974867    0.000341054121
480    -3.49976177    0.000334200218
490    -3.49974567    0.000327767105
500    -3.4997279    0.00032169338
510    -3.49972388    0.000315410759
520    -3.49975343    0.000310726202
530    -3.49976674    0.000305148549
540    -3.49979807    0.000301101396
550    -3.49981561    0.0002961374
560    -3.49982981    0.000291189548
570    -3.49980462    0.000287168749
580    -3.49977065    0.000284220249
590    -3.4997319    0.000282031052
600    -3.49969374    0.000279900572
610    -3.49964565    0.000279412864
620    -3.49960982    0.000277194537
630    -3.49958688    0.000273742141
640    -3.49953199    0.000274911622
650    -3.49946792    0.000278049495
660    -3.49942498    0.000277132578
670    -3.49936327    0.00027978288
680    -3.49931732    0.000279414891
690    -3.49928845    0.00027685286
700    -3.49929906    0.000273101023
710    -3.49932807    0.000270790937
720    -3.49941058    0.000279317505
730    -3.49950368    0.000290591518
740    -3.49957632    0.000295605004
750    -3.49960266    0.000292834408
760    -3.49959512    0.000289078273
770    -3.49957657    0.000285918464
780    -3.49955947    0.000282763627
790    -3.49951832    0.000282162959
800    -3.49949558    0.000279550683
810    -3.49947286    0.000277021716
820    -3.49944457    0.000275083695
830    -3.49941459    0.00027339817
840    -3.49938497    0.000271743591
850    -3.49938129    0.000268571507
860    -3.49937399    0.000265547618
870    -3.49935454    0.000263206986
880    -3.4993403    0.000260600892
890    -3.49933148    0.000257821941
900    -3.49933715    0.000255019575
910    -3.49929906    0.000255046674
920    -3.49927524    0.000253383585
930    -3.49927944    0.000250693681
940    -3.49928191    0.000248038932
950    -3.49929212    0.000245637922
960    -3.49928525    0.000243175089
970    -3.49925966    0.00024201073
980    -3.49925849    0.000239544079
990    -3.49923284    0.000238494044
1000    -3.49922683    0.000236184833
