10    1.55402533    0
20    1.54499319    0.00638668543
30    1.53209346    0.0113606386
40    1.53634119    0.0092806774
50    1.53894535    0.00778133164
60    1.52237216    0.0164602583
70    1.52771869    0.0149519147
80    1.53237524    0.0137889794
90    1.5274618    0.0131030634
100    1.53290094    0.0128722519
110    1.53709958    0.0123678584
120    1.54511572    0.0136907187
130    1.55514366    0.0158912817
140    1.56234748    0.0163074631
150    1.56120011    0.015260609
160    1.55986754    0.0143648837
170    1.55881213    0.0135586063
180    1.55977404    0.0128394259
190    1.56518778    0.0132559758
200    1.56837405    0.0129704577
210    1.56477374    0.0128427831
220    1.56187839    0.0125811601
230    1.56506593    0.0124313926
240    1.56691232    0.0120497567
250    1.56548648    0.0116518207
260    1.56514708    0.0112086156
270    1.56645327    0.0108693232
280    1.56857237    0.010685709
290    1.56943385    0.0103519036
300    1.56979726    0.010013217
310    1.56924861    0.00970522905
320    1.56823119    0.00945511945
330    1.56922371    0.00922054677
340    1.56688977    0.00924002241
350    1.56519628    0.00912989182
360    1.5646553    0.00889229701
370    1.563817    0.00869138948
380    1.5654643    0.00861736289
390    1.56466981    0.00843294936
400    1.56448379    0.00822417708
410    1.56436646    0.00802442424
420    1.56371543    0.00785973179
430    1.56364242    0.00767728639
440    1.56180567    0.00771939299
450    1.56108997    0.00758095638
460    1.56343505    0.00777040365
470    1.56520793    0.00780470405
480    1.56540963    0.00764471198
490    1.56440963    0.00755381907
500    1.56458102    0.0074046867
510    1.56514683    0.00728108203
520    1.56546173    0.00714786753
530    1.56491451    0.00703391771
540    1.56596353    0.00698144592
550    1.56694996    0.00692384843
560    1.56683375    0.00680118341
570    1.56556763    0.00679869556
580    1.56388188    0.00688729827
590    1.5615898    0.0071417896
600    1.56115939    0.00703571689
610    1.56115246    0.00692038069
620    1.55963094    0.0069740176
630    1.55960505    0.00686336695
640    1.55994104    0.00676434568
650    1.56142855    0.00682187244
660    1.56230855    0.00677503206
670    1.56298463    0.00670756036
680    1.56166278    0.00673790788
690    1.5603371    0.00676941545
700    1.56142263    0.0067591859
710    1.56302586    0.00685148655
720    1.56345389    0.00676968376
730    1.56480532    0.00681050599
740    1.56547483    0.0067513004
750    1.56427421    0.00676719872
760    1.56390751    0.00668808418
770    1.56463139    0.00664028421
780    1.56472584    0.00655582408
790    1.56288827    0.00672544141
800    1.56076441    0.00696866247
810    1.55894833    0.00711533545
820    1.55780538    0.00711976958
830    1.55729562    0.0070522145
840    1.55744353    0.00696981053
850    1.55782669    0.0068983366
860    1.55754941    0.00682369364
870    1.5574255    0.00674638529
880    1.55729585    0.00667096757
890    1.55733943    0.00659615523
900    1.55759699    0.00652789109
910    1.55888575    0.00658214256
920    1.55954151    0.00654318268
930    1.55942541    0.00647385594
940    1.55919743    0.00640899795
950    1.55902669    0.00634380878
960    1.55775571    0.00640378223
970    1.55772633    0.00633783124
980    1.55887468    0.00637634446
990    1.56015254    0.00643870927
1000    1.55935161    0.00642394342
