10    1.03601689    0
20    1.02999546    0.00425779029
30    1.02139564    0.00757375905
40    1.02422746    0.00618711827
50    1.02596357    0.00518755443
60    1.01491477    0.0109735055
70    1.01847913    0.00996794316
80    1.02158349    0.00919265291
90    1.01830787    0.00873537563
100    1.02193396    0.00858150123
110    1.02473305    0.00824523896
120    1.03007715    0.00912714581
130    1.03676244    0.0105941878
140    1.04156498    0.0108716421
150    1.04080007    0.0101737393
160    1.03991169    0.00957658912
170    1.03920809    0.00903907089
180    1.03984936    0.00855961728
190    1.04345852    0.00883731722
200    1.0455827    0.00864697182
210    1.04318249    0.00856185543
220    1.04125226    0.0083874401
230    1.04337729    0.00828759506
240    1.04460821    0.00803317112
250    1.04365765    0.00776788045
260    1.04343139    0.00747241043
270    1.04430218    0.00724621547
280    1.04571492    0.007123806
290    1.04628923    0.00690126909
300    1.04653151    0.00667547803
310    1.04616574    0.0064701527
320    1.04548746    0.00630341296
330    1.04614914    0.00614703118
340    1.04459318    0.00616001494
350    1.04346419    0.00608659455
360    1.04310353    0.00592819801
370    1.04254467    0.00579425965
380    1.04364286    0.00574490859
390    1.04311321    0.00562196624
400    1.04298919    0.00548278472
410    1.04291098    0.00534961616
420    1.04247695    0.00523982119
430    1.04242828    0.00511819093
440    1.04120378    0.00514626199
450    1.04072665    0.00505397092
460    1.04229003    0.0051802691
470    1.04347195    0.00520313603
480    1.04360642    0.00509647465
490    1.04293975    0.00503587938
500    1.04305401    0.0049364578
510    1.04343122    0.00485405469
520    1.04364115    0.00476524502
530    1.04327634    0.00468927847
540    1.04397568    0.00465429728
550    1.04463331    0.00461589895
560    1.04455584    0.00453412227
570    1.04371175    0.0045324637
580    1.04258792    0.00459153218
590    1.04105986    0.00476119306
600    1.04077293    0.00469047793
610    1.04076831    0.00461358713
620    1.03975396    0.00464934507
630    1.0397367    0.00457557797
640    1.03996069    0.00450956378
650    1.04095236    0.00454791496
660    1.04153903    0.00451668804
670    1.04198975    0.0044717069
680    1.04110852    0.00449193859
690    1.04022473    0.00451294363
700    1.04094842    0.00450612393
710    1.04201724    0.0045676577
720    1.04230259    0.00451312251
730    1.04320355    0.00454033732
740    1.04364989    0.00450086693
750    1.04284947    0.00451146581
760    1.04260501    0.00445872278
770    1.04308759    0.00442685614
780    1.04315056    0.00437054939
790    1.04192552    0.00448362761
800    1.04050961    0.00464577498
810    1.03929889    0.00474355697
820    1.03853692    0.00474651305
830    1.03819708    0.00470147633
840    1.03829569    0.00464654035
850    1.03855112    0.00459889107
860    1.03836627    0.00454912909
870    1.03828367    0.00449759019
880    1.03819723    0.00444731172
890    1.03822628    0.00439743682
900    1.03839799    0.00435192739
910    1.03925716    0.00438809504
920    1.03969434    0.00436212179
930    1.03961694    0.00431590396
940    1.03946495    0.0042726653
950    1.03935113    0.00422920585
960    1.03850381    0.00426918815
970    1.03848422    0.00422522082
980    1.03924978    0.00425089631
990    1.04010169    0.00429247285
1000    1.03956774    0.00428262894
