10    -5.05402046    0
20    -5.04379538    0.00723021998
30    -5.03033164    0.0120034208
40    -5.03418109    0.00959999504
50    -5.03695069    0.00806962724
60    -5.02079986    0.0162048079
70    -5.026561    0.0148787332
80    -5.03144551    0.0137973803
90    -5.02675788    0.0130363484
100    -5.03247003    0.0129237149
110    -5.03676157    0.0124409839
120    -5.04510305    0.0139225899
130    -5.05547349    0.0162615304
140    -5.06278642    0.0166633947
150    -5.06172834    0.0155860576
160    -5.06052687    0.0146581647
170    -5.05959154    0.013825729
180    -5.06057101    0.0130922817
190    -5.06592118    0.0134520476
200    -5.06905478    0.0131393568
210    -5.06550735    0.0129837229
220    -5.06260433    0.0127139527
230    -5.06576926    0.012548919
240    -5.06750105    0.0121449552
250    -5.06598793    0.011753037
260    -5.06555589    0.0113089354
270    -5.06676613    0.0109546527
280    -5.06875781    0.0107429443
290    -5.06953035    0.0104002378
300    -5.0697438    0.0100557533
310    -5.06906023    0.00975457983
320    -5.06789138    0.00951952086
330    -5.06874437    0.00926918727
340    -5.06634345    0.00930231356
350    -5.06461617    0.00919549833
360    -5.0640324    0.00895857864
370    -5.06319117    0.0087558625
380    -5.06486083    0.00868317907
390    -5.06408668    0.00849497244
400    -5.06398422    0.008283216
410    -5.0639648    0.0080812091
420    -5.0633991    0.00790857525
430    -5.06335122    0.00772479983
440    -5.06153078    0.00776077439
450    -5.06081997    0.00762079501
460    -5.06315787    0.00780550166
470    -5.0649566    0.00784394237
480    -5.0651714    0.0076834674
490    -5.06415531    0.00759355111
500    -5.06430892    0.00744323363
510    -5.06487071    0.00731845822
520    -5.06521516    0.00718581992
530    -5.06468125    0.00707004519
540    -5.0657616    0.00702117526
550    -5.06676558    0.00696492843
560    -5.06666357    0.00684130165
570    -5.06537225    0.00684206393
580    -5.06365253    0.00693685357
590    -5.0613217    0.00720022627
600    -5.06085314    0.00709545228
610    -5.06079811    0.00697934675
620    -5.05924076    0.00703838461
630    -5.05919193    0.00692683355
640    -5.05947303    0.00682430322
650    -5.06089646    0.00686616021
660    -5.06173353    0.00681296014
670    -5.06234789    0.00673891801
680    -5.06098011    0.00677720381
690    -5.05962555    0.00681300591
700    -5.06072169    0.00680328435
710    -5.06235393    0.00690049002
720    -5.06286447    0.00682350999
730    -5.064309    0.00688124108
740    -5.06505116    0.00682815553
750    -5.06387686    0.00683734397
760    -5.06350264    0.00675761246
770    -5.06420796    0.00670655955
780    -5.06428532    0.00662102411
790    -5.0624066    0.00679853492
800    -5.06025999    0.00704429601
810    -5.05842119    0.00719332181
820    -5.05724995    0.00720032006
830    -5.05671021    0.00713377013
840    -5.0568285    0.00704982492
850    -5.05720798    0.0069770917
860    -5.05692341    0.00690176361
870    -5.05678004    0.00682392179
880    -5.05663615    0.00674789418
890    -5.05667091    0.00667216467
900    -5.05693414    0.00660321985
910    -5.0581848    0.00664804134
920    -5.05881676    0.00660574841
930    -5.05870484    0.00653566684
940    -5.05847934    0.0064700276
950    -5.05831881    0.00640391335
960    -5.05704096    0.00646344009
970    -5.05698599    0.0063970404
980    -5.05813317    0.00643380238
990    -5.05938537    0.00648952848
1000    -5.05857844    0.00647460772
