10    -6.78052428    0
20    -6.79157087    0.00781111657
30    -6.78477405    0.00761018623
40    -6.76049663    0.0217858265
50    -6.76508691    0.0179057191
60    -6.76259293    0.0150941188
70    -6.75662808    0.014067114
80    -6.76415413    0.0141797711
90    -6.76549168    0.0126671681
100    -6.75917299    0.0128803567
110    -6.75780153    0.0117822029
120    -6.76261266    0.0117416199
130    -6.75866301    0.0114835119
140    -6.76101589    0.0109016404
150    -6.76043158    0.0101905117
160    -6.76792722    0.0119976858
170    -6.76459794    0.0117447866
180    -6.75977169    0.0120431584
190    -6.75876023    0.0114517041
200    -6.76145987    0.0111928064
210    -6.76206137    0.0106759655
220    -6.76242189    0.0101967797
230    -6.76183638    0.00977023719
240    -6.7602889    0.00948490219
250    -6.76026367    0.00910553968
260    -6.76310415    0.009187698
270    -6.76198068    0.00891583707
280    -6.76127285    0.00862546607
290    -6.76379563    0.00868913864
300    -6.7606848    0.0089390333
310    -6.75956677    0.00872031442
320    -6.7602571    0.00847508488
330    -6.76345424    0.00880067096
340    -6.76157105    0.00874098979
350    -6.76123021    0.00849788991
360    -6.75951113    0.00843392555
370    -6.76155883    0.00845090981
380    -6.76139328    0.00823013876
390    -6.76221276    0.00805980404
400    -6.7617398    0.00787217346
410    -6.76136778    0.00768895465
420    -6.7612582    0.0075066651
430    -6.76112103    0.00733334466
440    -6.7603997    0.0072020665
450    -6.76075004    0.00705053633
460    -6.76225872    0.00705683319
470    -6.76205797    0.00690954259
480    -6.76216806    0.00676647069
490    -6.76045977    0.00684062142
500    -6.76043528    0.00670385283
510    -6.76128214    0.0066256776
520    -6.76090815    0.00650880686
530    -6.76213657    0.00650088568
540    -6.76203498    0.00638129253
550    -6.76291863    0.00632615463
560    -6.76197657    0.00628293944
570    -6.76107612    0.00623690429
580    -6.76173645    0.00616422859
590    -6.76195471    0.00606361303
600    -6.76310852    0.00607133611
610    -6.76222414    0.00603587332
620    -6.76096258    0.00606892873
630    -6.76250806    0.00616623789
640    -6.76174923    0.00611640372
650    -6.76150018    0.00602737317
660    -6.76280533    0.00607571105
670    -6.76318928    0.00599714863
680    -6.7615033    0.00614137486
690    -6.76193915    0.0060678157
700    -6.76097318    0.00605753423
710    -6.76186201    0.00603707456
720    -6.76205155    0.00595620095
730    -6.76155495    0.0058952748
740    -6.76145856    0.0058163969
750    -6.76191625    0.00575682443
760    -6.76174244    0.00568369991
770    -6.76111829    0.00564405153
780    -6.76186527    0.00562090509
790    -6.76129722    0.00557838463
800    -6.76194518    0.00554615943
810    -6.76176078    0.00548075294
820    -6.76183894    0.00541447177
830    -6.76057477    0.00549483515
840    -6.76171409    0.0055462799
850    -6.76177575    0.00548137224
860    -6.76177547    0.00541763536
870    -6.76159752    0.00535828527
880    -6.76150372    0.00529821667
890    -6.76111155    0.00525317967
900    -6.76160108    0.00521756949
910    -6.76169098    0.0051610081
920    -6.76171021    0.00510494599
930    -6.76160873    0.00505106258
940    -6.76181334    0.00500147057
950    -6.76154276    0.00495613756
960    -6.76163724    0.00490541159
970    -6.76205195    0.00487233882
980    -6.76163694    0.00484026328
990    -6.76155018    0.00479214919
1000    -6.76127833    0.00475193266
