10    0.739388786    0
20    0.745834754    0.00455798771
30    0.740436023    0.0053539061
40    0.724335649    0.0145100032
50    0.727269606    0.011900933
60    0.725695074    0.0100210607
70    0.721883214    0.00928621014
80    0.726875537    0.0093717955
90    0.727824392    0.008378381
100    0.723821992    0.00844257496
110    0.722997305    0.0077152415
120    0.726072093    0.00766054526
130    0.72341306    0.00751860817
140    0.724869953    0.00712131813
150    0.724474601    0.00665752884
160    0.729451543    0.00788525976
170    0.727324797    0.00770288771
180    0.724142867    0.00790487718
190    0.723518694    0.00751343308
200    0.725389496    0.0073669899
210    0.725830099    0.00702934425
220    0.725994581    0.00671175272
230    0.725617576    0.00643051702
240    0.72453508    0.00625302726
250    0.724442043    0.00600359827
260    0.726212101    0.00602798145
270    0.72543825    0.00585418423
280    0.724936309    0.00566658373
290    0.726492568    0.00568087001
300    0.724384362    0.00586967096
310    0.723672269    0.00572335846
320    0.724139338    0.00556352905
330    0.726241857    0.00577857917
340    0.724945277    0.00575224348
350    0.724785235    0.0055901196
360    0.723643361    0.00555023674
370    0.725019314    0.00556817451
380    0.724875523    0.00542349991
390    0.725387856    0.00530857949
400    0.725078079    0.00518489546
410    0.724892747    0.00506174583
420    0.724851076    0.0049413996
430    0.724807586    0.0048266747
440    0.724337702    0.00473979438
450    0.724530943    0.00463840318
460    0.725491071    0.0046358743
470    0.725337425    0.00453978409
480    0.725396701    0.00444559222
490    0.724249192    0.00450052904
500    0.724240014    0.00441052782
510    0.724782222    0.00435724759
520    0.724489048    0.00428330599
530    0.725296304    0.00427788254
540    0.725228206    0.00419920447
550    0.725812621    0.00416332409
560    0.725168116    0.00413856478
570    0.724574989    0.00410824119
580    0.725017221    0.00406114179
590    0.725159182    0.00399478929
600    0.725906979    0.00399758811
610    0.725324998    0.00397419149
620    0.724504893    0.00399381276
630    0.725486241    0.00404919127
640    0.724988264    0.00401642693
650    0.724789026    0.00395957434
660    0.725641647    0.00399032294
670    0.72589517    0.0039388114
680    0.724793908    0.00403190186
690    0.725069571    0.00398288096
700    0.724430891    0.00397686117
710    0.725034937    0.00396645804
720    0.725156282    0.00391322406
730    0.724837487    0.00387258196
740    0.724774075    0.0038207689
750    0.725091224    0.00378296508
760    0.724949556    0.00373584094
770    0.724539199    0.00370979247
780    0.725025368    0.0036939499
790    0.724644737    0.00366674904
800    0.725093663    0.00364829256
810    0.724966247    0.00360547621
820    0.725043958    0.00356234436
830    0.724219463    0.00361357872
840    0.724966744    0.00364700959
850    0.725002484    0.00360427871
860    0.725012353    0.00356238201
870    0.724917694    0.00352269248
880    0.724858227    0.00348316379
890    0.724599093    0.00345365293
900    0.724902981    0.00342862257
910    0.724958273    0.0033913912
920    0.724986031    0.00335464185
930    0.724905385    0.00331953967
940    0.725029295    0.00328653723
950    0.724850992    0.00325677519
960    0.724924989    0.00322369096
970    0.725206453    0.00320272097
980    0.724937789    0.00318128882
990    0.724882533    0.00314963442
1000    0.724725198    0.00312206532
