10    -5.6714411    0
20    -5.67281874    0.000974134997
30    -5.67412002    0.00124524631
40    -5.67399315    0.000940375166
50    -5.6741825    0.000771127078
60    -5.67405032    0.000653836189
70    -5.67380326    0.000605309748
80    -5.67384083    0.000530810218
90    -5.67375509    0.000478704699
100    -5.67344    0.000524379301
110    -5.67330557    0.000493638016
120    -5.67350452    0.000490956407
130    -5.67354342    0.000454729159
140    -5.67371096    0.000452061896
150    -5.67371968    0.000422008361
160    -5.6737499    0.000396713966
170    -5.67361074    0.000397036386
180    -5.67355739    0.000378545915
190    -5.67348219    0.000366017106
200    -5.67337563    0.00036289511
210    -5.67331622    0.000350443511
220    -5.67343002    0.000352505844
230    -5.67341002    0.000337746448
240    -5.67348628    0.000332173163
250    -5.6736006    0.000337985727
260    -5.673786    0.000372380578
270    -5.67382331    0.000360452618
280    -5.67386839    0.000350386933
290    -5.67405678    0.000385637936
300    -5.67410825    0.000376203216
310    -5.67405837    0.000367360445
320    -5.67404809    0.000356024104
330    -5.67409145    0.000347865819
340    -5.67415314    0.000343060018
350    -5.67405236    0.000347746086
360    -5.67404609    0.000338142945
370    -5.67402986    0.00032939332
380    -5.67408    0.000324518714
390    -5.67413097    0.000320176651
400    -5.67412268    0.000312279581
410    -5.67402866    0.000318503158
420    -5.67398159    0.000314379041
430    -5.67390965    0.000315190782
440    -5.67389315    0.000308459115
450    -5.67395362    0.000307475507
460    -5.67402211    0.000308325663
470    -5.67405183    0.00030319458
480    -5.67407301    0.000297616285
490    -5.67408598    0.000291825293
500    -5.67407526    0.000286185653
510    -5.6741088    0.000282532929
520    -5.67417458    0.00028465337
530    -5.67419211    0.000279821844
540    -5.67419268    0.000274640527
550    -5.6741997    0.000269736883
560    -5.6742244    0.000266048478
570    -5.67421363    0.000261598667
580    -5.67421062    0.000257105744
590    -5.67421594    0.000252803091
600    -5.67424805    0.000250620935
610    -5.67423665    0.000246771699
620    -5.67420524    0.000244781756
630    -5.67427869    0.000251675937
640    -5.67426683    0.000248023009
650    -5.67431665    0.000249159803
660    -5.67434286    0.000246759379
670    -5.67434653    0.000243103708
680    -5.67431244    0.000241906855
690    -5.67433479    0.000239431663
700    -5.67432684    0.000236143246
710    -5.6743096    0.000233445497
720    -5.67431713    0.000230324333
730    -5.67429872    0.000227903504
740    -5.67429745    0.000224827286
750    -5.67427941    0.000222551628
760    -5.67431811    0.000222961641
770    -5.67430949    0.000220232329
780    -5.67432722    0.000218121
790    -5.67433011    0.000215379146
800    -5.67430468    0.000214182597
810    -5.67431141    0.000211643901
820    -5.674273    0.000212519013
830    -5.67424557    0.00021172119
840    -5.67426398    0.000209999273
850    -5.67427202    0.00020768273
860    -5.67425694    0.000205815031
870    -5.67422098    0.000206566587
880    -5.67421638    0.000204270497
890    -5.67421291    0.000202004674
900    -5.6742466    0.000202550129
910    -5.67425357    0.000200444105
920    -5.67423116    0.000199514392
930    -5.67425065    0.000198318995
940    -5.6742694    0.000197093569
950    -5.67426627    0.000195043764
960    -5.67424976    0.00019370999
970    -5.67424227    0.000191857624
980    -5.67423026    0.000190275546
990    -5.67422638    0.000188392988
1000    -5.67419053    0.000189890369
