10    1.10908318    0
20    1.11875213    0.00683698157
30    1.11065403    0.00803085915
40    1.08650347    0.0217650047
50    1.09090441    0.0178513994
60    1.08854261    0.0150315911
70    1.08282482    0.0139293152
80    1.09031331    0.0140576933
90    1.09173659    0.0125675715
100    1.08573299    0.0126638624
110    1.08449596    0.0115728622
120    1.08910814    0.0114908179
130    1.08511959    0.0112779123
140    1.08730493    0.0106819772
150    1.0867119    0.00998629326
160    1.09417732    0.0118278896
170    1.09098719    0.0115543316
180    1.0862143    0.0118573158
190    1.08527804    0.0112701496
200    1.08808424    0.0110504848
210    1.08874515    0.0105440164
220    1.08899187    0.0100676291
230    1.08842636    0.00964577553
240    1.08680262    0.00937954089
250    1.08666306    0.00900539741
260    1.08931815    0.00904197218
270    1.08815738    0.00878127635
280    1.08740446    0.00849987559
290    1.08973885    0.00852130502
300    1.08657654    0.00880450643
310    1.0855084    0.00858503768
320    1.08620901    0.00834529357
330    1.08936279    0.00866786875
340    1.08741791    0.00862836522
350    1.08717785    0.00838517939
360    1.08546504    0.00832535512
370    1.08752897    0.00835226177
380    1.08731328    0.00813524986
390    1.08808178    0.00796286923
400    1.08761712    0.00777734319
410    1.08733912    0.00759261874
420    1.08727661    0.0074120994
430    1.08721138    0.00724001205
440    1.08650655    0.00710969156
450    1.08679641    0.00695760476
460    1.08823661    0.00695381145
470    1.08800614    0.00680967613
480    1.08809505    0.00666838834
490    1.08637379    0.00675079357
500    1.08636002    0.00661579173
510    1.08717333    0.00653587139
520    1.08673357    0.00642495898
530    1.08794446    0.00641682381
540    1.08784231    0.00629880671
550    1.08871893    0.00624498613
560    1.08775217    0.00620784718
570    1.08686248    0.00616236179
580    1.08752583    0.00609171269
590    1.08773877    0.00599218393
600    1.08886047    0.00599638216
610    1.0879875    0.00596128723
620    1.08675734    0.00599071914
630    1.08822936    0.00607378691
640    1.0874824    0.00602464039
650    1.08718354    0.00593936151
660    1.08846247    0.00598548441
670    1.08884276    0.0059082171
680    1.08719086    0.00604785278
690    1.08760436    0.00597432143
700    1.08664634    0.00596529176
710    1.0875524    0.00594968705
720    1.08773442    0.00586983608
730    1.08725623    0.00580887294
740    1.08716111    0.00573115335
750    1.08763684    0.00567444762
760    1.08742433    0.0056037614
770    1.0868088    0.00556468871
780    1.08753805    0.00554092485
790    1.08696711    0.00550012357
800    1.08764049    0.00547243884
810    1.08744937    0.00540821432
820    1.08756594    0.00534351654
830    1.08632919    0.00542036808
840    1.08745012    0.00547051438
850    1.08750373    0.00540641807
860    1.08751853    0.00534357301
870    1.08737654    0.00528403872
880    1.08728734    0.00522474569
890    1.08689864    0.00518047939
900    1.08735447    0.00514293385
910    1.08743741    0.0050870868
920    1.08747905    0.00503196277
930    1.08735808    0.0049793095
940    1.08754394    0.00492980585
950    1.08727649    0.00488516278
960    1.08738748    0.00483553645
970    1.08780968    0.00480408146
980    1.08740668    0.00477193323
990    1.0873238    0.00472445163
1000    1.0870878    0.00468309798
