10    -0.458731963    0
20    -0.470173683    0.0080905179
30    -0.487689658    0.0152850042
40    -0.492279102    0.0121332143
50    -0.492859247    0.0097204312
60    -0.488035    0.00922010243
70    -0.485150378    0.00834199397
80    -0.485467377    0.0073052653
90    -0.485773326    0.00649997268
100    -0.484044513    0.00607553527
110    -0.481182715    0.00616045793
120    -0.474737942    0.00836441445
130    -0.46980169    0.00906123827
140    -0.464751725    0.00971988062
150    -0.459317326    0.0104815556
160    -0.454260891    0.0109785633
170    -0.4494822    0.0113251333
180    -0.445651055    0.0113254488
190    -0.442837102    0.0110734371
200    -0.43967152    0.0109629066
210    -0.436749961    0.010823155
220    -0.434343701    0.0105953038
230    -0.432768176    0.0102511097
240    -0.430218209    0.0101361722
250    -0.428876631    0.00981910644
260    -0.427666884    0.00951567919
270    -0.424875028    0.0095640403
280    -0.423816725    0.00928083566
290    -0.422375081    0.00907208515
300    -0.422234773    0.00877076725
310    -0.421136566    0.00855631749
320    -0.421166624    0.00828898537
330    -0.421706127    0.00805534208
340    -0.422144662    0.00783034815
350    -0.423375086    0.00770268888
360    -0.424727263    0.00760648403
370    -0.426006968    0.00750777965
380    -0.426985161    0.00737365589
390    -0.4284378    0.00732627828
400    -0.428815654    0.00715285864
410    -0.427380218    0.00712097395
420    -0.42768369    0.00695789044
430    -0.42810477    0.00680880862
440    -0.428212752    0.00665491917
450    -0.427978819    0.00651114236
460    -0.427323563    0.00640248213
470    -0.426921127    0.0062788942
480    -0.426825332    0.00614881461
490    -0.426749289    0.00602379879
500    -0.425952784    0.00595574957
510    -0.425871443    0.00583952558
520    -0.425064872    0.00578266166
530    -0.424290353    0.0057251887
540    -0.42437313    0.00561976507
550    -0.424672805    0.00552557188
560    -0.424794341    0.00542823738
570    -0.424537687    0.00533906914
580    -0.42481966    0.00525445689
590    -0.425227573    0.00518120764
600    -0.425235421    0.00509486012
610    -0.425518745    0.00501920942
620    -0.425758266    0.0049439662
630    -0.425750876    0.00486549607
640    -0.425685661    0.00478990973
650    -0.425874721    0.00471994848
660    -0.426167423    0.004657501
670    -0.426235381    0.00458848183
680    -0.42643844    0.00452549503
690    -0.42676757    0.00447186056
700    -0.427105397    0.00442071899
710    -0.427509126    0.00437685215
720    -0.427499405    0.00431607333
730    -0.427667325    0.0042602143
740    -0.428464144    0.0042765121
750    -0.42914046    0.0042726359
760    -0.429731939    0.00425716057
770    -0.429849846    0.00420350524
780    -0.430411431    0.00418695976
790    -0.43101863    0.00417775666
800    -0.432002066    0.00423970442
810    -0.433051435    0.00431527352
820    -0.433996834    0.00436497983
830    -0.435178539    0.00446948622
840    -0.435972131    0.00448617908
850    -0.436103198    0.00443531469
860    -0.436673239    0.0044202212
870    -0.437612559    0.00446810484
880    -0.438359172    0.0044792754
890    -0.43900271    0.00447493636
900    -0.439200093    0.00442956582
910    -0.439030079    0.00438415074
920    -0.439202782    0.00433989718
930    -0.439392892    0.00429739351
940    -0.43944058    0.00425194114
950    -0.439517018    0.00420787089
960    -0.43988533    0.00418012688
970    -0.440274435    0.00415510313
980    -0.440614934    0.00412663201
990    -0.440763047    0.00408760603
1000    -0.441172062    0.00406714192
