10    1.28383048    0
20    1.29146351    0.00539736528
30    1.30314466    0.0101938021
40    1.3062081    0.00809258425
50    1.30659689    0.00648339975
60    1.30338208    0.00614842526
70    1.30146043    0.00556227692
80    1.30167432    0.00487110285
90    1.30188027    0.004334221
100    1.30072921    0.00405076178
110    1.29882325    0.00410650045
120    1.29452975    0.00557385059
130    1.29124129    0.00603772311
140    1.28787537    0.00647707867
150    1.2842529    0.00698518478
160    1.28088292    0.00731650878
170    1.27769742    0.00754779599
180    1.27514366    0.00754814516
190    1.27326745    0.0073803728
200    1.27115697    0.00730688121
210    1.26920902    0.00721391585
220    1.26760422    0.00706225514
230    1.2665537    0.00683288831
240    1.26485373    0.00675634455
250    1.26395963    0.00654498427
260    1.26315337    0.00634271958
270    1.26129247    0.0063749489
280    1.26058726    0.00618615501
290    1.25962638    0.00604700504
300    1.25953339    0.00584615302
310    1.25880196    0.00570314015
320    1.25882293    0.00552495559
330    1.25918373    0.0053693006
340    1.25947718    0.00521939238
350    1.26029864    0.00513450428
360    1.26120112    0.00507057167
370    1.26205519    0.00500494006
380    1.26270787    0.00491560433
390    1.26367667    0.00488409916
400    1.26392874    0.00476849708
410    1.26297218    0.004747167
420    1.26317508    0.00463847358
430    1.26345651    0.00453913165
440    1.26352926    0.00443655245
450    1.26337394    0.00434068029
460    1.26293768    0.00426818406
470    1.26267023    0.0041857431
480    1.26260744    0.00409901094
490    1.26255791    0.00401565693
500    1.26202821    0.00397012542
510    1.26197508    0.00389263531
520    1.26143845    0.00385458984
530    1.26092302    0.00381616662
540    1.26097906    0.00374590821
550    1.26117993    0.00368318271
560    1.26126199    0.00361832576
570    1.26109205    0.00355883499
580    1.26128105    0.00350249092
590    1.26155396    0.00345374232
600    1.26155998    0.0033961852
610    1.26174949    0.00334579324
620    1.26191011    0.00329568193
630    1.26190613    0.00324337191
640    1.26186327    0.00319297738
650    1.26198985    0.00314636259
660    1.26218552    0.00310476839
670    1.26223119    0.00305876443
680    1.26236682    0.00301678808
690    1.26258665    0.00298106563
700    1.26281254    0.00294702478
710    1.26308241    0.0029178479
720    1.26307668    0.00287732786
730    1.26318929    0.00284011526
740    1.26372102    0.0028510759
750    1.26417237    0.00284856363
760    1.26456717    0.00283831005
770    1.26464611    0.00280254631
780    1.26502073    0.00279154185
790    1.26542561    0.00278541288
800    1.26608132    0.00282672166
810    1.26678097    0.00287710695
820    1.26741124    0.00291023608
830    1.26819895    0.00297987205
840    1.26872787    0.00299096932
850    1.26881518    0.00295705579
860    1.26919525    0.00294699482
870    1.26982139    0.0029788948
880    1.27031896    0.00298631034
890    1.27074786    0.00298339651
900    1.27087918    0.00295313669
910    1.27076546    0.0029228735
920    1.27088016    0.00289335274
930    1.27100649    0.00286499828
940    1.27103776    0.00283469014
950    1.27108816    0.00280529935
960    1.27133293    0.00278673528
970    1.27159141    0.0027699679
980    1.27181729    0.00275089718
990    1.27191467    0.00272483328
1000    1.27218596    0.00271105655
