10    1.92574572    0
20    1.93719526    0.00809604792
30    1.95471699    0.0152907031
40    1.95931216    0.0121388764
50    1.95989534    0.00972509963
60    1.95507311    0.00922263789
70    1.95219064    0.00834341538
80    1.95251147    0.00730665427
90    1.9528204    0.0065013315
100    1.95109382    0.00607614267
110    1.94823487    0.00615975068
120    1.94179463    0.00836077589
130    1.93686194    0.00905658467
140    1.93181306    0.009715618
150    1.92637935    0.0104777772
160    1.92132437    0.0109747632
170    1.91654613    0.011321694
180    1.91271549    0.0113222177
190    1.90990118    0.0110705592
200    1.90673545    0.0109603218
210    1.90381353    0.0108208738
220    1.90140634    0.0105933827
230    1.89983054    0.0102493325
240    1.8972806    0.0101345168
250    1.89593944    0.0098174764
260    1.89473006    0.00951407938
270    1.8919387    0.00956242335
280    1.89088089    0.00927923251
290    1.88943956    0.00907050755
300    1.88930009    0.00876922954
310    1.88820294    0.00855471022
320    1.8882344    0.00828743338
330    1.8887756    0.00805395091
340    1.88921576    0.00782908857
350    1.89044796    0.00770175642
360    1.89180168    0.00760585751
370    1.89308278    0.00750741009
380    1.8940618    0.0073734065
390    1.895515    0.00732614874
400    1.89589311    0.00715274563
410    1.89445826    0.00712075049
420    1.89476262    0.00695771037
430    1.89518477    0.00680869747
440    1.89529389    0.00665482867
450    1.89506091    0.00651102043
460    1.89440653    0.00640227609
470    1.89400534    0.00627861465
480    1.89391116    0.00614851641
490    1.89383686    0.0060234854
500    1.89304232    0.00595518813
510    1.89296263    0.00583895297
520    1.89215767    0.00578188476
530    1.89138453    0.00572424994
540    1.89146858    0.00561886232
550    1.89176989    0.00552477406
560    1.89189299    0.00542748864
570    1.89163808    0.00533825249
580    1.89192158    0.00525373638
590    1.89233094    0.00518061348
600    1.89233997    0.0050942778
610    1.89262423    0.00501868986
620    1.89286516    0.00494352289
630    1.8928592    0.00486505787
640    1.89279491    0.00478946607
650    1.89298478    0.00471954389
660    1.89327828    0.00465715259
670    1.89334678    0.00458814665
680    1.89355022    0.00452518212
690    1.89387998    0.00447159844
700    1.89421881    0.00442053717
710    1.89462362    0.00437677184
720    1.89461502    0.00431599179
730    1.89478394    0.0042601729
740    1.89558153    0.00427661384
750    1.89625855    0.00427284544
760    1.89685076    0.00425746508
770    1.89696916    0.00420381946
780    1.89753109    0.00418731277
790    1.89813841    0.00417811932
800    1.89912198    0.00424008249
810    1.90017145    0.00431566043
820    1.90111685    0.00436535412
830    1.90229842    0.00446980808
840    1.9030918    0.00448645398
850    1.90322278    0.00443558368
860    1.90379288    0.00442049224
870    1.90473208    0.00446834221
880    1.90547844    0.00447946551
890    1.90612178    0.00447509476
900    1.90631877    0.00442970504
910    1.90614819    0.00438431025
920    1.90632024    0.00434002911
930    1.90650974    0.00429749741
940    1.90655664    0.00425203521
950    1.90663224    0.00420794902
960    1.90699939    0.00418010291
970    1.90738712    0.00415495185
980    1.90772593    0.00412634577
990    1.907872    0.00408724991
1000    1.90827894    0.00406658483
