10    1.46701376    0
20    1.46702158    5.53003755e-06
30    1.46702733    5.9735755e-06
40    1.46703305    6.68058294e-06
50    1.46703609    5.99397241e-06
60    1.46703811    5.32615252e-06
70    1.46704027    4.98110976e-06
80    1.4670441    5.64176245e-06
90    1.46704708    5.74971173e-06
100    1.46704931    5.58979083e-06
110    1.46705215    5.76180296e-06
120    1.46705669    6.83571449e-06
130    1.46706025    7.1787417e-06
140    1.46706133    6.74703451e-06
150    1.46706203    6.33267911e-06
160    1.46706348    6.10244624e-06
170    1.46706393    5.75957973e-06
180    1.46706444    5.46224394e-06
190    1.46706407    5.18695386e-06
200    1.46706393    4.92951944e-06
210    1.46706357    4.70817184e-06
220    1.46706264    4.58553591e-06
230    1.46706237    4.39401384e-06
240    1.46706239    4.21096682e-06
250    1.46706281    4.0635136e-06
260    1.46706317    3.92363557e-06
270    1.46706368    3.81021911e-06
280    1.46706416    3.70537381e-06
290    1.46706448    3.59118091e-06
300    1.46706532    3.56741393e-06
310    1.46706637    3.60511356e-06
320    1.46706778    3.75551945e-06
330    1.46706947    4.00746634e-06
340    1.4670711    4.20691616e-06
350    1.46707288    4.4459075e-06
360    1.46707442    4.58074261e-06
370    1.46707581    4.66426096e-06
380    1.46707664    4.61490392e-06
390    1.4670772    4.53076108e-06
400    1.46707746    4.42463128e-06
410    1.46707804    4.35546463e-06
420    1.46707893    4.34132755e-06
430    1.46708    4.36903564e-06
440    1.46708113    4.41487552e-06
450    1.46708209    4.41898312e-06
460    1.46708296    4.40835074e-06
470    1.46708421    4.48828887e-06
480    1.46708583    4.67808759e-06
490    1.46708757    4.89642252e-06
500    1.46708954    5.17715493e-06
510    1.46709118    5.33062082e-06
520    1.4670928    5.46718929e-06
530    1.46709418    5.53613054e-06
540    1.46709545    5.57787676e-06
550    1.46709709    5.71068024e-06
560    1.46709865    5.81915079e-06
570    1.46710039    5.97136243e-06
580    1.46710192    6.06123282e-06
590    1.46710337    6.12814455e-06
600    1.46710455    6.13935738e-06
610    1.46710549    6.1103471e-06
620    1.4671069    6.17167866e-06
630    1.46710832    6.23635136e-06
640    1.46710925    6.20749628e-06
650    1.46711006    6.16425466e-06
660    1.46711085    6.12189047e-06
670    1.4671114    6.05481876e-06
680    1.46711178    5.97795972e-06
690    1.46711241    5.9239794e-06
700    1.46711341    5.92395551e-06
710    1.46711449    5.93786684e-06
720    1.46711561    5.96048259e-06
730    1.46711661    5.96194573e-06
740    1.46711738    5.93109624e-06
750    1.46711809    5.89395359e-06
760    1.46711882    5.86103456e-06
770    1.46711931    5.80592246e-06
780    1.46711966    5.74168688e-06
790    1.46711978    5.6703415e-06
800    1.46711991    5.60093302e-06
810    1.46712001    5.53271967e-06
820    1.46712002    5.46525006e-06
830    1.46711989    5.40103975e-06
840    1.46711967    5.34115598e-06
850    1.46711958    5.27903863e-06
860    1.46711964    5.21797116e-06
870    1.46711952    5.15934195e-06
880    1.46711927    5.10680198e-06
890    1.46711907    5.05312396e-06
900    1.46711868    5.01217957e-06
910    1.46711811    4.98948082e-06
920    1.46711746    4.97803568e-06
930    1.46711685    4.96124337e-06
940    1.46711606    4.97138797e-06
950    1.46711522    4.98879942e-06
960    1.46711406    5.06991526e-06
970    1.46711268    5.20201329e-06
980    1.467111    5.41394525e-06
990    1.46710895    5.73352462e-06
1000    1.46710687    6.0407874e-06
